<?xml version="1.0" encoding="UTF-8"?>
<!-- Generated by org.testng.reporters.JUnitReportReporter -->
<testsuite hostname="sgr" failures="0" tests="1" name="executerScript.LoginScript" time="7.138" errors="0" timestamp="2022-01-20T15:53:01 IST" skipped="0">
  <testcase classname="executerScript.LoginScript" name="loginFunc" time="7.138"/>
  <system-out/>
</testsuite> <!-- executerScript.LoginScript -->
